#
# There is insufficient memory for the Java Runtime Environment to continue.
# Native memory allocation (mmap) failed to map 266338304 bytes for Failed to commit area from 0x0000000702600000 to 0x0000000712400000 of length 266338304.
# Possible reasons:
#   The system is out of physical RAM or swap space
#   The process is running with CompressedOops enabled, and the Java Heap may be blocking the growth of the native heap
# Possible solutions:
#   Reduce memory load on the system
#   Increase physical memory or swap space
#   Check if swap backing store is full
#   Decrease Java heap size (-Xmx/-Xms)
#   Decrease number of Java threads
#   Decrease Java thread stack sizes (-Xss)
#   Set larger code cache with -XX:ReservedCodeCacheSize=
# This output file may be truncated or incomplete.
#
#  Out of Memory Error (./open/src/hotspot/os/windows/os_windows.cpp:3273), pid=18488, tid=6888
#
# JRE version:  (11.0.11+9) (build )
# Java VM: Java HotSpot(TM) 64-Bit Server VM (11.0.11+9-LTS-194, mixed mode, sharing, tiered, compressed oops, g1 gc, windows-amd64)
# No core dump will be written. Minidumps are not enabled by default on client versions of Windows
#

---------------  S U M M A R Y ------------

Command Line: -agentlib:jdwp=transport=dt_socket,server=n,suspend=y,address=localhost:51645 -Dfile.encoding=UTF-8 pe.edu.upeu.ril.examen.App

Host: Intel(R) Core(TM) i7-8700 CPU @ 3.20GHz, 12 cores, 15G,  Windows 10 , 64 bit Build 19041 (10.0.19041.1023)
Time: Sun Jun 20 17:39:34 2021 SA Pacific Standard Time elapsed time: 0.037274 seconds (0d 0h 0m 0s)

---------------  T H R E A D  ---------------

Current thread (0x000001fcdf175800):  JavaThread "Unknown thread" [_thread_in_vm, id=6888, stack(0x000000097dd00000,0x000000097de00000)]

Stack: [0x000000097dd00000,0x000000097de00000]
Native frames: (J=compiled Java code, j=interpreted, Vv=VM code, C=native code)
V  [jvm.dll+0x616f2a]
V  [jvm.dll+0x74de7f]
V  [jvm.dll+0x74f505]
V  [jvm.dll+0x74fb83]
V  [jvm.dll+0x2436d8]
V  [jvm.dll+0x61431a]
V  [jvm.dll+0x6090f5]
V  [jvm.dll+0x2f7eec]
V  [jvm.dll+0x2f7d72]
V  [jvm.dll+0x2fca26]
V  [jvm.dll+0x33efef]
V  [jvm.dll+0x33ea20]
V  [jvm.dll+0x2d5608]
V  [jvm.dll+0x2d6766]
V  [jvm.dll+0x7299e7]
V  [jvm.dll+0x72b28f]
V  [jvm.dll+0x34bd39]
V  [jvm.dll+0x70f360]
V  [jvm.dll+0x3b50df]
V  [jvm.dll+0x3b71e1]
C  [jli.dll+0x520b]
C  [ucrtbase.dll+0x21bb2]
C  [KERNEL32.DLL+0x17034]
C  [ntdll.dll+0x52651]


---------------  P R O C E S S  ---------------

Threads class SMR info:
_java_thread_list=0x000001fcdd800290, length=0, elements={
}

Java Threads: ( => current thread )

Other Threads:
  0x000001fcdf189800 GCTaskThread "GC Thread#0" [stack: 0x000000097de00000,0x000000097df00000] [id=6684]
  0x000001fcdf1e9800 ConcurrentGCThread "G1 Main Marker" [stack: 0x000000097df00000,0x000000097e000000] [id=9788]
  0x000001fcdf1ea800 ConcurrentGCThread "G1 Conc#0" [stack: 0x000000097e000000,0x000000097e100000] [id=13324]

[error occurred during error reporting (printing all threads), id 0xc0000005, EXCEPTION_ACCESS_VIOLATION (0xc0000005) at pc=0x00007ffa933a4857]

VM state:not at safepoint (not fully initialized)

VM Mutex/Monitor currently owned by a thread:  ([mutex/lock_event])
[0x000001fcdf170020] Heap_lock - owner thread: 0x000001fcdf175800

Heap address: 0x0000000702600000, size: 4058 MB, Compressed Oops mode: Non-zero based: 0x0000000702600000
Narrow klass base: 0x0000000000000000, Narrow klass shift: 0

GC Heap History (0 events):
No events

Deoptimization events (0 events):
No events

Classes redefined (0 events):
No events

Internal exceptions (0 events):
No events

Events (0 events):
No events


Dynamic libraries:
0x00007ff68dd70000 - 0x00007ff68dd7f000 	C:\Program Files\Java\jdk-11.0.11\bin\java.exe
0x00007ffad7210000 - 0x00007ffad7405000 	C:\Windows\SYSTEM32\ntdll.dll
0x00007ffad5ab0000 - 0x00007ffad5b6d000 	C:\Windows\System32\KERNEL32.DLL
0x00007ffad4950000 - 0x00007ffad4c18000 	C:\Windows\System32\KERNELBASE.dll
0x00007ffad4cc0000 - 0x00007ffad4dc0000 	C:\Windows\System32\ucrtbase.dll
0x00007ffab74c0000 - 0x00007ffab74d8000 	C:\Program Files\Java\jdk-11.0.11\bin\jli.dll
0x00007ffab5f40000 - 0x00007ffab5f55000 	C:\Program Files\Java\jdk-11.0.11\bin\VCRUNTIME140.dll
0x00007ffad57c0000 - 0x00007ffad586c000 	C:\Windows\System32\ADVAPI32.dll
0x00007ffad6de0000 - 0x00007ffad6e7e000 	C:\Windows\System32\msvcrt.dll
0x00007ffad6fb0000 - 0x00007ffad704b000 	C:\Windows\System32\sechost.dll
0x00007ffad6e80000 - 0x00007ffad6fab000 	C:\Windows\System32\RPCRT4.dll
0x00007ffad6430000 - 0x00007ffad65d0000 	C:\Windows\System32\USER32.dll
0x00007ffac50c0000 - 0x00007ffac535a000 	C:\Windows\WinSxS\amd64_microsoft.windows.common-controls_6595b64144ccf1df_6.0.19041.1052_none_60b8f8fd71f5e8cb\COMCTL32.dll
0x00007ffad4e50000 - 0x00007ffad4e72000 	C:\Windows\System32\win32u.dll
0x00007ffad7070000 - 0x00007ffad709a000 	C:\Windows\System32\GDI32.dll
0x00007ffad5170000 - 0x00007ffad527b000 	C:\Windows\System32\gdi32full.dll
0x00007ffad4c20000 - 0x00007ffad4cbd000 	C:\Windows\System32\msvcp_win.dll
0x00007ffacfb00000 - 0x00007ffacfb0a000 	C:\Windows\SYSTEM32\VERSION.dll
0x00007ffad5650000 - 0x00007ffad5680000 	C:\Windows\System32\IMM32.DLL
0x00007ffaaa710000 - 0x00007ffaaa7ab000 	C:\Program Files\Java\jdk-11.0.11\bin\msvcp140.dll
0x00007ffa930c0000 - 0x00007ffa93bbe000 	C:\Program Files\Java\jdk-11.0.11\bin\server\jvm.dll
0x00007ffad65d0000 - 0x00007ffad65d8000 	C:\Windows\System32\PSAPI.DLL
0x00007ffabe520000 - 0x00007ffabe529000 	C:\Windows\SYSTEM32\WSOCK32.dll
0x00007ffac6b90000 - 0x00007ffac6bb7000 	C:\Windows\SYSTEM32\WINMM.dll
0x00007ffad5280000 - 0x00007ffad52eb000 	C:\Windows\System32\WS2_32.dll
0x00007ffad28c0000 - 0x00007ffad28d2000 	C:\Windows\SYSTEM32\kernel.appcore.dll
0x00007ffac7460000 - 0x00007ffac7470000 	C:\Program Files\Java\jdk-11.0.11\bin\verify.dll
0x00007ffabeaf0000 - 0x00007ffabecd4000 	C:\Windows\SYSTEM32\DBGHELP.DLL
0x00007ffabb710000 - 0x00007ffabb73c000 	C:\Windows\SYSTEM32\dbgcore.DLL
0x00007ffad4dc0000 - 0x00007ffad4e43000 	C:\Windows\System32\bcryptPrimitives.dll
0x00007ffab2510000 - 0x00007ffab2538000 	C:\Program Files\Java\jdk-11.0.11\bin\java.dll
0x00007ffac4b60000 - 0x00007ffac4b6a000 	C:\Program Files\Java\jdk-11.0.11\bin\jimage.dll
0x00007ffab1530000 - 0x00007ffab1568000 	C:\Program Files\Java\jdk-11.0.11\bin\jdwp.dll
0x00007ffab19c0000 - 0x00007ffab19d6000 	C:\Program Files\Java\jdk-11.0.11\bin\zip.dll

dbghelp: loaded successfully - version: 4.0.5 - missing functions: none
symbol engine: initialized successfully - sym options: 0x614 - pdb path: .;C:\Program Files\Java\jdk-11.0.11\bin;C:\Windows\SYSTEM32;C:\Windows\WinSxS\amd64_microsoft.windows.common-controls_6595b64144ccf1df_6.0.19041.1052_none_60b8f8fd71f5e8cb;C:\Program Files\Java\jdk-11.0.11\bin\server

VM Arguments:
jvm_args: -agentlib:jdwp=transport=dt_socket,server=n,suspend=y,address=localhost:51645 -Dfile.encoding=UTF-8 
java_command: pe.edu.upeu.ril.examen.App
java_class_path (initial): D:\DESARROLLO-2021\EXAMENRSIL\examenrsil\target\classes
Launcher Type: SUN_STANDARD

[Global flags]
     intx CICompilerCount                          = 4                                         {product} {ergonomic}
     uint ConcGCThreads                            = 3                                         {product} {ergonomic}
     uint G1ConcRefinementThreads                  = 10                                        {product} {ergonomic}
   size_t G1HeapRegionSize                         = 1048576                                   {product} {ergonomic}
    uintx GCDrainStackTargetSize                   = 64                                        {product} {ergonomic}
   size_t InitialHeapSize                          = 266338304                                 {product} {ergonomic}
   size_t MarkStackSize                            = 4194304                                   {product} {ergonomic}
   size_t MaxHeapSize                              = 4255121408                                {product} {ergonomic}
   size_t MinHeapDeltaBytes                        = 1048576                                   {product} {ergonomic}
    uintx NonNMethodCodeHeapSize                   = 5836300                                {pd product} {ergonomic}
    uintx NonProfiledCodeHeapSize                  = 122910970                              {pd product} {ergonomic}
    uintx ProfiledCodeHeapSize                     = 122910970                              {pd product} {ergonomic}
    uintx ReservedCodeCacheSize                    = 251658240                              {pd product} {ergonomic}
     bool SegmentedCodeCache                       = true                                      {product} {ergonomic}
     bool UseCompressedClassPointers               = true                                 {lp64_product} {ergonomic}
     bool UseCompressedOops                        = true                                 {lp64_product} {ergonomic}
     bool UseG1GC                                  = true                                      {product} {ergonomic}
     bool UseLargePagesIndividualAllocation        = false                                  {pd product} {ergonomic}

Logging:
Log output configuration:
 #0: stdout all=warning uptime,level,tags
 #1: stderr all=off uptime,level,tags

Environment Variables:
PATH="C:\Program Files\Java;C:\Windows\system32";C:\Program Files\apache-maven-3.8.1\bin;C:\Program Files\Java\jdk-11.0.11\bin;D:\DESARROLLO-2021\VSCode-win32-x64-1.57.0\bin;D:\DESARROLLO-2021\VSCode-win32-x64-1.57.0;"C:\Windows\System32\WindowsPowerShell\v1.0\powershell.exe;c:\windows;c:\windows\system32;c:\windows\system32\wbem";C:\Windows\System32;C:\Users\usuario\AppData\Local\Microsoft\WindowsApps;
USERNAME=usuario
OS=Windows_NT
PROCESSOR_IDENTIFIER=Intel64 Family 6 Model 158 Stepping 10, GenuineIntel



---------------  S Y S T E M  ---------------

OS: Windows 10 , 64 bit Build 19041 (10.0.19041.1023)

CPU:total 12 (initial active 12) (6 cores per cpu, 2 threads per core) family 6 model 158 stepping 10 microcode 0xde, cmov, cx8, fxsr, mmx, sse, sse2, sse3, ssse3, sse4.1, sse4.2, popcnt, avx, avx2, aes, clmul, erms, rtm, 3dnowpref, lzcnt, ht, tsc, tscinvbit, bmi1, bmi2, adx, fma

Memory: 4k page, system-wide physical 16228M (3417M free)
TotalPageFile size 31600M (AvailPageFile size 201M)
current process WorkingSet (physical memory assigned to process): 10M, peak: 10M
current process commit charge ("private bytes"): 64M, peak: 318M

vm_info: Java HotSpot(TM) 64-Bit Server VM (11.0.11+9-LTS-194) for windows-amd64 JRE (11.0.11+9-LTS-194), built on Mar 18 2021 18:46:53 by "mach5one" with MS VC++ 15.9 (VS2017)

END.
